# JRE version: Java(TM) SE Runtime Environment (17.0.7+8) (build 17.0.7+8-LTS-224)
# Java VM: Java HotSpot(TM) 64-Bit Server VM (17.0.7+8-LTS-224, mixed mode, sharing, tiered, compressed oops, compressed class ptrs, g1 gc, windows-amd64)
GC Precious Log:
 CPUs: 8 total, 8 available
 Memory: 16092M
 Large Page Support: Disabled
 NUMA Support: Disabled
 Compressed Oops: Enabled (Zero based)
 Heap Region Size: 2M
 Heap Min Capacity: 8M
 Heap Initial Capacity: 252M
 Heap Max Capacity: 4024M
 Pre-touch: Disabled
 Parallel Workers: 8
 Concurrent Workers: 2
 Concurrent Refinement Workers: 8
 Periodic GC: Disabled
Heap:
 garbage-first heap   total 342016K, used 211870K [0x00000004d8400000, 0x00000005d3c00000)
  region size 2048K, 3 young (6144K), 3 survivors (6144K)
 Metaspace       used 18436K, committed 18688K, reserved 1073152K
  class space    used 2028K, committed 2176K, reserved 1048576K
GC Heap History (20 events):
Event: 4.195 GC heap after
{Heap after GC invocations=2 (full 0):
 garbage-first heap   total 258048K, used 6373K [0x00000004d8400000, 0x00000005d3c00000)
  region size 2048K, 3 young (6144K), 3 survivors (6144K)
 Metaspace       used 18240K, committed 18496K, reserved 1064960K
  class space    used 2025K, committed 2176K, reserved 1048576K
}
Event: 7.019 GC heap before
{Heap before GC invocations=2 (full 0):
 garbage-first heap   total 258048K, used 151781K [0x00000004d8400000, 0x00000005d3c00000)
  region size 2048K, 75 young (153600K), 3 survivors (6144K)
 Metaspace       used 18330K, committed 18560K, reserved 1064960K
  class space    used 2028K, committed 2176K, reserved 1048576K
}
Event: 7.032 GC heap after
{Heap after GC invocations=3 (full 0):
 garbage-first heap   total 258048K, used 60316K [0x00000004d8400000, 0x00000005d3c00000)
  region size 2048K, 10 young (20480K), 10 survivors (20480K)
 Metaspace       used 18330K, committed 18560K, reserved 1064960K
  class space    used 2028K, committed 2176K, reserved 1048576K
}
Event: 7.612 GC heap before
{Heap before GC invocations=3 (full 0):
 garbage-first heap   total 258048K, used 117660K [0x00000004d8400000, 0x00000005d3c00000)
  region size 2048K, 39 young (79872K), 10 survivors (20480K)
 Metaspace       used 18337K, committed 18560K, reserved 1064960K
  class space    used 2028K, committed 2176K, reserved 1048576K
}
Event: 7.622 GC heap after
{Heap after GC invocations=4 (full 0):
 garbage-first heap   total 258048K, used 81722K [0x00000004d8400000, 0x00000005d3c00000)
  region size 2048K, 5 young (10240K), 5 survivors (10240K)
 Metaspace       used 18337K, committed 18560K, reserved 1064960K
  class space    used 2028K, committed 2176K, reserved 1048576K
}
Event: 8.281 GC heap before
{Heap before GC invocations=4 (full 0):
 garbage-first heap   total 258048K, used 155450K [0x00000004d8400000, 0x00000005d3c00000)
  region size 2048K, 42 young (86016K), 5 survivors (10240K)
 Metaspace       used 18374K, committed 18624K, reserved 1073152K
  class space    used 2028K, committed 2176K, reserved 1048576K
}
Event: 8.284 GC heap after
{Heap after GC invocations=5 (full 0):
 garbage-first heap   total 258048K, used 108344K [0x00000004d8400000, 0x00000005d3c00000)
  region size 2048K, 6 young (12288K), 6 survivors (12288K)
 Metaspace       used 18374K, committed 18624K, reserved 1073152K
  class space    used 2028K, committed 2176K, reserved 1048576K
}
Event: 8.831 GC heap before
{Heap before GC invocations=5 (full 0):
 garbage-first heap   total 258048K, used 167736K [0x00000004d8400000, 0x00000005d3c00000)
  region size 2048K, 36 young (73728K), 6 survivors (12288K)
 Metaspace       used 18392K, committed 18624K, reserved 1073152K
  class space    used 2028K, committed 2176K, reserved 1048576K
}
Event: 8.834 GC heap after
{Heap after GC invocations=6 (full 0):
 garbage-first heap   total 258048K, used 129948K [0x00000004d8400000, 0x00000005d3c00000)
  region size 2048K, 5 young (10240K), 5 survivors (10240K)
 Metaspace       used 18392K, committed 18624K, reserved 1073152K
  class space    used 2028K, committed 2176K, reserved 1048576K
}
Event: 9.358 GC heap before
{Heap before GC invocations=6 (full 0):
 garbage-first heap   total 258048K, used 179100K [0x00000004d8400000, 0x00000005d3c00000)
  region size 2048K, 30 young (61440K), 5 survivors (10240K)
 Metaspace       used 18436K, committed 18688K, reserved 1073152K
  class space    used 2028K, committed 2176K, reserved 1048576K
}
Event: 9.361 GC heap after
{Heap after GC invocations=7 (full 0):
 garbage-first heap   total 258048K, used 148383K [0x00000004d8400000, 0x00000005d3c00000)
  region size 2048K, 4 young (8192K), 4 survivors (8192K)
 Metaspace       used 18436K, committed 18688K, reserved 1073152K
  class space    used 2028K, committed 2176K, reserved 1048576K
}
Event: 9.825 GC heap before
{Heap before GC invocations=8 (full 0):
 garbage-first heap   total 258048K, used 189343K [0x00000004d8400000, 0x00000005d3c00000)
  region size 2048K, 25 young (51200K), 4 survivors (8192K)
 Metaspace       used 18436K, committed 18688K, reserved 1073152K
  class space    used 2028K, committed 2176K, reserved 1048576K
}
Event: 9.828 GC heap after
{Heap after GC invocations=9 (full 0):
 garbage-first heap   total 258048K, used 164768K [0x00000004d8400000, 0x00000005d3c00000)
  region size 2048K, 4 young (8192K), 4 survivors (8192K)
 Metaspace       used 18436K, committed 18688K, reserved 1073152K
  class space    used 2028K, committed 2176K, reserved 1048576K
}
Event: 10.121 GC heap before
{Heap before GC invocations=9 (full 0):
 garbage-first heap   total 258048K, used 195488K [0x00000004d8400000, 0x00000005d3c00000)
  region size 2048K, 20 young (40960K), 4 survivors (8192K)
 Metaspace       used 18436K, committed 18688K, reserved 1073152K
  class space    used 2028K, committed 2176K, reserved 1048576K
}
Event: 10.123 GC heap after
{Heap after GC invocations=10 (full 0):
 garbage-first heap   total 258048K, used 175930K [0x00000004d8400000, 0x00000005d3c00000)
  region size 2048K, 3 young (6144K), 3 survivors (6144K)
 Metaspace       used 18436K, committed 18688K, reserved 1073152K
  class space    used 2028K, committed 2176K, reserved 1048576K
}
Event: 10.378 GC heap before
{Heap before GC invocations=11 (full 0):
 garbage-first heap   total 296960K, used 200506K [0x00000004d8400000, 0x00000005d3c00000)
  region size 2048K, 16 young (32768K), 3 survivors (6144K)
 Metaspace       used 18436K, committed 18688K, reserved 1073152K
  class space    used 2028K, committed 2176K, reserved 1048576K
}
Event: 10.381 GC heap after
{Heap after GC invocations=12 (full 0):
 garbage-first heap   total 296960K, used 185246K [0x00000004d8400000, 0x00000005d3c00000)
  region size 2048K, 2 young (4096K), 2 survivors (4096K)
 Metaspace       used 18436K, committed 18688K, reserved 1073152K
  class space    used 2028K, committed 2176K, reserved 1048576K
}
Event: 10.732 GC heap before
{Heap before GC invocations=12 (full 0):
 garbage-first heap   total 296960K, used 222110K [0x00000004d8400000, 0x00000005d3c00000)
  region size 2048K, 21 young (43008K), 2 survivors (4096K)
 Metaspace       used 18436K, committed 18688K, reserved 1073152K
  class space    used 2028K, committed 2176K, reserved 1048576K
}
Event: 10.734 GC heap after
{Heap after GC invocations=13 (full 0):
 garbage-first heap   total 296960K, used 199580K [0x00000004d8400000, 0x00000005d3c00000)
  region size 2048K, 3 young (6144K), 3 survivors (6144K)
 Metaspace       used 18436K, committed 18688K, reserved 1073152K
  class space    used 2028K, committed 2176K, reserved 1048576K
}
Event: 11.020 GC heap before
{Heap before GC invocations=14 (full 0):
 garbage-first heap   total 342016K, used 230300K [0x00000004d8400000, 0x00000005d3c00000)
  region size 2048K, 19 young (38912K), 3 survivors (6144K)
 Metaspace       used 18436K, committed 18688K, reserved 1073152K
  class space    used 2028K, committed 2176K, reserved 1048576K
}

