# JRE version: Java(TM) SE Runtime Environment (17.0.7+8) (build 17.0.7+8-LTS-224)
# Java VM: Java HotSpot(TM) 64-Bit Server VM (17.0.7+8-LTS-224, mixed mode, sharing, tiered, compressed oops, compressed class ptrs, g1 gc, windows-amd64)
GC Precious Log:
 CPUs: 8 total, 8 available
 Memory: 16092M
 Large Page Support: Disabled
 NUMA Support: Disabled
 Compressed Oops: Enabled (Zero based)
 Heap Region Size: 2M
 Heap Min Capacity: 8M
 Heap Initial Capacity: 252M
 Heap Max Capacity: 4024M
 Pre-touch: Disabled
 Parallel Workers: 8
 Concurrent Workers: 2
 Concurrent Refinement Workers: 8
 Periodic GC: Disabled
Heap:
 garbage-first heap   total 258048K, used 119713K [0x0000000704800000, 0x0000000800000000)
  region size 2048K, 38 young (77824K), 10 survivors (20480K)
 Metaspace       used 20231K, committed 20480K, reserved 1073152K
  class space    used 2197K, committed 2304K, reserved 1048576K
GC Heap History (6 events):
Event: 3.226 GC heap before
{Heap before GC invocations=0 (full 0):
 garbage-first heap   total 258048K, used 20480K [0x0000000704800000, 0x0000000800000000)
  region size 2048K, 11 young (22528K), 0 survivors (0K)
 Metaspace       used 6442K, committed 6656K, reserved 1056768K
  class space    used 604K, committed 704K, reserved 1048576K
}
Event: 3.260 GC heap after
{Heap after GC invocations=1 (full 0):
 garbage-first heap   total 258048K, used 2590K [0x0000000704800000, 0x0000000800000000)
  region size 2048K, 2 young (4096K), 2 survivors (4096K)
 Metaspace       used 6442K, committed 6656K, reserved 1056768K
  class space    used 604K, committed 704K, reserved 1048576K
}
Event: 4.948 GC heap before
{Heap before GC invocations=1 (full 0):
 garbage-first heap   total 258048K, used 35358K [0x0000000704800000, 0x0000000800000000)
  region size 2048K, 19 young (38912K), 2 survivors (4096K)
 Metaspace       used 18219K, committed 18432K, reserved 1064960K
  class space    used 2029K, committed 2176K, reserved 1048576K
}
Event: 4.957 GC heap after
{Heap after GC invocations=2 (full 0):
 garbage-first heap   total 258048K, used 6351K [0x0000000704800000, 0x0000000800000000)
  region size 2048K, 3 young (6144K), 3 survivors (6144K)
 Metaspace       used 18219K, committed 18432K, reserved 1064960K
  class space    used 2029K, committed 2176K, reserved 1048576K
}
Event: 8.788 GC heap before
{Heap before GC invocations=2 (full 0):
 garbage-first heap   total 258048K, used 151759K [0x0000000704800000, 0x0000000800000000)
  region size 2048K, 75 young (153600K), 3 survivors (6144K)
 Metaspace       used 18309K, committed 18560K, reserved 1064960K
  class space    used 2032K, committed 2176K, reserved 1048576K
}
Event: 8.807 GC heap after
{Heap after GC invocations=3 (full 0):
 garbage-first heap   total 258048K, used 60321K [0x0000000704800000, 0x0000000800000000)
  region size 2048K, 10 young (20480K), 10 survivors (20480K)
 Metaspace       used 18309K, committed 18560K, reserved 1064960K
  class space    used 2032K, committed 2176K, reserved 1048576K
}

