# JRE version: Java(TM) SE Runtime Environment (17.0.7+8) (build 17.0.7+8-LTS-224)
# Java VM: Java HotSpot(TM) 64-Bit Server VM (17.0.7+8-LTS-224, mixed mode, sharing, tiered, compressed oops, compressed class ptrs, g1 gc, windows-amd64)
GC Precious Log:
 CPUs: 8 total, 8 available
 Memory: 16092M
 Large Page Support: Disabled
 NUMA Support: Disabled
 Compressed Oops: Enabled (Zero based)
 Heap Region Size: 2M
 Heap Min Capacity: 8M
 Heap Initial Capacity: 252M
 Heap Max Capacity: 4024M
 Pre-touch: Disabled
 Parallel Workers: 8
 Concurrent Workers: 2
 Concurrent Refinement Workers: 8
 Periodic GC: Disabled
Heap:
 garbage-first heap   total 419840K, used 293790K [0x0000000704800000, 0x0000000800000000)
  region size 2048K, 5 young (10240K), 4 survivors (8192K)
 Metaspace       used 18476K, committed 18752K, reserved 1073152K
  class space    used 2028K, committed 2176K, reserved 1048576K
GC Heap History (20 events):
Event: 6.826 GC heap before
{Heap before GC invocations=5 (full 0):
 garbage-first heap   total 258048K, used 168860K [0x0000000704800000, 0x0000000800000000)
  region size 2048K, 36 young (73728K), 6 survivors (12288K)
 Metaspace       used 18383K, committed 18624K, reserved 1073152K
  class space    used 2028K, committed 2176K, reserved 1048576K
}
Event: 6.829 GC heap after
{Heap after GC invocations=6 (full 0):
 garbage-first heap   total 258048K, used 130881K [0x0000000704800000, 0x0000000800000000)
  region size 2048K, 5 young (10240K), 5 survivors (10240K)
 Metaspace       used 18383K, committed 18624K, reserved 1073152K
  class space    used 2028K, committed 2176K, reserved 1048576K
}
Event: 7.392 GC heap before
{Heap before GC invocations=6 (full 0):
 garbage-first heap   total 258048K, used 180033K [0x0000000704800000, 0x0000000800000000)
  region size 2048K, 30 young (61440K), 5 survivors (10240K)
 Metaspace       used 18427K, committed 18688K, reserved 1073152K
  class space    used 2028K, committed 2176K, reserved 1048576K
}
Event: 7.394 GC heap after
{Heap after GC invocations=7 (full 0):
 garbage-first heap   total 258048K, used 149308K [0x0000000704800000, 0x0000000800000000)
  region size 2048K, 4 young (8192K), 4 survivors (8192K)
 Metaspace       used 18427K, committed 18688K, reserved 1073152K
  class space    used 2028K, committed 2176K, reserved 1048576K
}
Event: 7.962 GC heap before
{Heap before GC invocations=8 (full 0):
 garbage-first heap   total 258048K, used 188220K [0x0000000704800000, 0x0000000800000000)
  region size 2048K, 24 young (49152K), 4 survivors (8192K)
 Metaspace       used 18428K, committed 18688K, reserved 1073152K
  class space    used 2028K, committed 2176K, reserved 1048576K
}
Event: 7.963 GC heap after
{Heap after GC invocations=9 (full 0):
 garbage-first heap   total 258048K, used 163642K [0x0000000704800000, 0x0000000800000000)
  region size 2048K, 3 young (6144K), 3 survivors (6144K)
 Metaspace       used 18428K, committed 18688K, reserved 1073152K
  class space    used 2028K, committed 2176K, reserved 1048576K
}
Event: 8.405 GC heap before
{Heap before GC invocations=9 (full 0):
 garbage-first heap   total 258048K, used 196410K [0x0000000704800000, 0x0000000800000000)
  region size 2048K, 20 young (40960K), 3 survivors (6144K)
 Metaspace       used 18428K, committed 18688K, reserved 1073152K
  class space    used 2028K, committed 2176K, reserved 1048576K
}
Event: 8.408 GC heap after
{Heap after GC invocations=10 (full 0):
 garbage-first heap   total 258048K, used 175928K [0x0000000704800000, 0x0000000800000000)
  region size 2048K, 3 young (6144K), 3 survivors (6144K)
 Metaspace       used 18428K, committed 18688K, reserved 1073152K
  class space    used 2028K, committed 2176K, reserved 1048576K
}
Event: 8.720 GC heap before
{Heap before GC invocations=11 (full 0):
 garbage-first heap   total 301056K, used 198456K [0x0000000704800000, 0x0000000800000000)
  region size 2048K, 15 young (30720K), 3 survivors (6144K)
 Metaspace       used 18428K, committed 18688K, reserved 1073152K
  class space    used 2028K, committed 2176K, reserved 1048576K
}
Event: 8.722 GC heap after
{Heap after GC invocations=12 (full 0):
 garbage-first heap   total 301056K, used 185246K [0x0000000704800000, 0x0000000800000000)
  region size 2048K, 2 young (4096K), 2 survivors (4096K)
 Metaspace       used 18428K, committed 18688K, reserved 1073152K
  class space    used 2028K, committed 2176K, reserved 1048576K
}
Event: 9.527 GC heap before
{Heap before GC invocations=12 (full 0):
 garbage-first heap   total 301056K, used 230302K [0x0000000704800000, 0x0000000800000000)
  region size 2048K, 25 young (51200K), 2 survivors (4096K)
 Metaspace       used 18428K, committed 18688K, reserved 1073152K
  class space    used 2028K, committed 2176K, reserved 1048576K
}
Event: 9.528 GC heap after
{Heap after GC invocations=13 (full 0):
 garbage-first heap   total 301056K, used 202558K [0x0000000704800000, 0x0000000800000000)
  region size 2048K, 4 young (8192K), 4 survivors (8192K)
 Metaspace       used 18428K, committed 18688K, reserved 1073152K
  class space    used 2028K, committed 2176K, reserved 1048576K
}
Event: 10.027 GC heap before
{Heap before GC invocations=14 (full 0):
 garbage-first heap   total 346112K, used 233278K [0x0000000704800000, 0x0000000800000000)
  region size 2048K, 20 young (40960K), 4 survivors (8192K)
 Metaspace       used 18428K, committed 18688K, reserved 1073152K
  class space    used 2028K, committed 2176K, reserved 1048576K
}
Event: 10.031 GC heap after
{Heap after GC invocations=15 (full 0):
 garbage-first heap   total 415744K, used 213920K [0x0000000704800000, 0x0000000800000000)
  region size 2048K, 3 young (6144K), 3 survivors (6144K)
 Metaspace       used 18428K, committed 18688K, reserved 1073152K
  class space    used 2028K, committed 2176K, reserved 1048576K
}
Event: 11.279 GC heap before
{Heap before GC invocations=15 (full 0):
 garbage-first heap   total 415744K, used 306080K [0x0000000704800000, 0x0000000800000000)
  region size 2048K, 49 young (100352K), 3 survivors (6144K)
 Metaspace       used 18443K, committed 18688K, reserved 1073152K
  class space    used 2028K, committed 2176K, reserved 1048576K
}
Event: 11.284 GC heap after
{Heap after GC invocations=16 (full 0):
 garbage-first heap   total 415744K, used 248736K [0x0000000704800000, 0x0000000800000000)
  region size 2048K, 7 young (14336K), 7 survivors (14336K)
 Metaspace       used 18443K, committed 18688K, reserved 1073152K
  class space    used 2028K, committed 2176K, reserved 1048576K
}
Event: 11.945 GC heap before
{Heap before GC invocations=17 (full 0):
 garbage-first heap   total 419840K, used 314272K [0x0000000704800000, 0x0000000800000000)
  region size 2048K, 40 young (81920K), 7 survivors (14336K)
 Metaspace       used 18470K, committed 18752K, reserved 1073152K
  class space    used 2028K, committed 2176K, reserved 1048576K
}
Event: 11.947 GC heap after
{Heap after GC invocations=18 (full 0):
 garbage-first heap   total 419840K, used 274240K [0x0000000704800000, 0x0000000800000000)
  region size 2048K, 5 young (10240K), 5 survivors (10240K)
 Metaspace       used 18470K, committed 18752K, reserved 1073152K
  class space    used 2028K, committed 2176K, reserved 1048576K
}
Event: 12.556 GC heap before
{Heap before GC invocations=18 (full 0):
 garbage-first heap   total 419840K, used 325440K [0x0000000704800000, 0x0000000800000000)
  region size 2048K, 31 young (63488K), 5 survivors (10240K)
 Metaspace       used 18476K, committed 18752K, reserved 1073152K
  class space    used 2028K, committed 2176K, reserved 1048576K
}
Event: 12.557 GC heap after
{Heap after GC invocations=19 (full 0):
 garbage-first heap   total 419840K, used 293790K [0x0000000704800000, 0x0000000800000000)
  region size 2048K, 4 young (8192K), 4 survivors (8192K)
 Metaspace       used 18476K, committed 18752K, reserved 1073152K
  class space    used 2028K, committed 2176K, reserved 1048576K
}

